<?xml version="1.0" encoding="UTF-8"?>
<testng-results ignored="0" total="2" passed="2" failed="0" skipped="0">
  <reporter-output>
  </reporter-output>
  <suite started-at="2023-10-14T14:44:09 IST" name="HRM Test Suite" finished-at="2023-10-14T14:44:15 IST" duration-ms="5712">
    <groups>
    </groups>
    <test started-at="2023-10-14T14:44:09 IST" name="Pending Leave Request Test Case" finished-at="2023-10-14T14:44:13 IST" duration-ms="3459">
      <class name="testCases.Test_Pending_Leave_Request">
        <test-method signature="verifyOnLeaveToday()[pri:0, instance:testCases.Test_Pending_Leave_Request@15de0b3c]" started-at="2023-10-14T14:44:09 IST" name="verifyOnLeaveToday" finished-at="2023-10-14T14:44:13 IST" duration-ms="3433" status="PASS">
          <reporter-output>
          </reporter-output>
        </test-method> <!-- verifyOnLeaveToday -->
      </class> <!-- testCases.Test_Pending_Leave_Request -->
    </test> <!-- Pending Leave Request Test Case -->
    <test started-at="2023-10-14T14:44:13 IST" name="Check User Role Test Case" finished-at="2023-10-14T14:44:15 IST" duration-ms="2221">
      <class name="testCases.Test_User_Role">
        <test-method is-config="true" signature="startBrowser()[pri:0, instance:testCases.Test_User_Role@7dc0f706]" started-at="2023-10-14T14:44:02 IST" name="startBrowser" finished-at="2023-10-14T14:44:09 IST" duration-ms="6952" status="PASS">
          <reporter-output>
          </reporter-output>
        </test-method> <!-- startBrowser -->
        <test-method signature="checkUserRole()[pri:0, instance:testCases.Test_User_Role@7dc0f706]" started-at="2023-10-14T14:44:13 IST" name="checkUserRole" finished-at="2023-10-14T14:44:15 IST" duration-ms="2205" status="PASS">
          <reporter-output>
          </reporter-output>
        </test-method> <!-- checkUserRole -->
        <test-method is-config="true" signature="closeBrowser()[pri:0, instance:testCases.Test_User_Role@7dc0f706]" started-at="2023-10-14T14:44:15 IST" name="closeBrowser" finished-at="2023-10-14T14:44:15 IST" duration-ms="0" status="PASS">
          <reporter-output>
          </reporter-output>
        </test-method> <!-- closeBrowser -->
      </class> <!-- testCases.Test_User_Role -->
    </test> <!-- Check User Role Test Case -->
  </suite> <!-- HRM Test Suite -->
</testng-results>
